Z:\OPENGL\TP_CAMERA\TP_CAMERA\TP_CAMERA\DEBUG\VECTOR3D.OBJ
Z:\OPENGL\TP_CAMERA\TP_CAMERA\TP_CAMERA\DEBUG\VC110.PDB
Z:\OPENGL\TP_CAMERA\TP_CAMERA\DEBUG\TP_CAMERA.ILK
Z:\OPENGL\TP_CAMERA\TP_CAMERA\DEBUG\TP_CAMERA.EXE
Z:\OPENGL\TP_CAMERA\TP_CAMERA\DEBUG\TP_CAMERA.PDB
Z:\OpenGL\TP_Camera\TP_Camera\TP_Camera\Debug\vector3d.obj
Z:\OpenGL\TP_Camera\TP_Camera\TP_Camera\Debug\cl.command.1.tlog
Z:\OpenGL\TP_Camera\TP_Camera\TP_Camera\Debug\CL.read.1.tlog
Z:\OpenGL\TP_Camera\TP_Camera\TP_Camera\Debug\CL.write.1.tlog
Z:\OpenGL\TP_Camera\TP_Camera\TP_Camera\Debug\link-cvtres.read.1.tlog
Z:\OpenGL\TP_Camera\TP_Camera\TP_Camera\Debug\link-cvtres.write.1.tlog
Z:\OpenGL\TP_Camera\TP_Camera\TP_Camera\Debug\link-rc.read.1.tlog
Z:\OpenGL\TP_Camera\TP_Camera\TP_Camera\Debug\link-rc.write.1.tlog
Z:\OpenGL\TP_Camera\TP_Camera\TP_Camera\Debug\link.command.1.tlog
Z:\OpenGL\TP_Camera\TP_Camera\TP_Camera\Debug\link.read.1.tlog
Z:\OpenGL\TP_Camera\TP_Camera\TP_Camera\Debug\link.write.1.tlog
Z:\OpenGL\TP_Camera\TP_Camera\TP_Camera\Debug\vc110.idb
Z:\OpenGL\TP_Camera\TP_Camera\TP_Camera\Debug\vc110.pdb
Z:\OpenGL\TP_Camera\TP_Camera\Debug\TP_Camera.pdb
Z:\OpenGL\TP_Camera\TP_Camera\Debug\TP_Camera.exe
Z:\OpenGL\TP_Camera\TP_Camera\Debug\TP_Camera.ilk
